<?xml version="1.0" encoding="UTF-8"?>
<!-- Generated by org.testng.reporters.JUnitXMLReporter -->
<testsuite ignored="0" hostname="DESKTOP-SAM4J5B" failures="1" tests="1" name="Excel Tests" time="1.038" errors="0" timestamp="2024-06-22T10:10:55 CEST">
  <testcase classname="pack.TestFace1" name="test1" time="0.967">
    <failure type="org.testng.internal.reflect.MethodMatcherException" message="
[public void pack.TestFace1.test1(java.lang.String,java.lang.String,java.lang.String)] has no parameters defined but was found to be using a data provider (either explicitly specified or inherited from class level annotation).
Data provider mismatch
Method: test1([java.lang.String arg0, java.lang.String arg1, java.lang.String arg2])
Arguments: [(java.lang.String) Foulen@gmail,com,(java.lang.String) pass]">
      <![CDATA[org.testng.internal.reflect.MethodMatcherException: 
[public void pack.TestFace1.test1(java.lang.String,java.lang.String,java.lang.String)] has no parameters defined but was found to be using a data provider (either explicitly specified or inherited from class level annotation).
Data provider mismatch
Method: test1([java.lang.String arg0, java.lang.String arg1, java.lang.String arg2])
Arguments: [(java.lang.String) Foulen@gmail,com,(java.lang.String) pass]
at java.base/java.util.ArrayList.forEach(ArrayList.java:1511)
... Removed 22 stack frames]]>
    </failure>
  </testcase> <!-- test1 -->
</testsuite> <!-- Excel Tests -->
